[batch] target ids: 711 (concurrency=10)
[batch] 10/711 (success=10, failed=0)
[batch] 20/711 (success=20, failed=0)
[batch] 30/711 (success=30, failed=0)
[batch] 40/711 (success=40, failed=0)
[batch] 50/711 (success=50, failed=0)
[batch] 60/711 (success=60, failed=0)
[batch] 70/711 (success=70, failed=0)
[batch] 80/711 (success=80, failed=0)
[batch] 90/711 (success=90, failed=0)
[batch] 100/711 (success=100, failed=0)
[batch] 110/711 (success=110, failed=0)
[batch] 120/711 (success=120, failed=0)
[batch] 130/711 (success=130, failed=0)
[batch] 140/711 (success=140, failed=0)
[batch] 150/711 (success=150, failed=0)
[batch] 160/711 (success=160, failed=0)
[batch] 170/711 (success=170, failed=0)
[batch] 180/711 (success=180, failed=0)
[batch] 190/711 (success=190, failed=0)
[batch] 200/711 (success=200, failed=0)
[batch] 210/711 (success=210, failed=0)
[batch] 220/711 (success=220, failed=0)
[batch] 230/711 (success=230, failed=0)
[batch] 240/711 (success=240, failed=0)
[batch] 250/711 (success=250, failed=0)
[batch] 260/711 (success=260, failed=0)
[batch] 270/711 (success=270, failed=0)
[batch] 280/711 (success=280, failed=0)
[batch] 290/711 (success=290, failed=0)
[batch] 300/711 (success=300, failed=0)
[batch] 310/711 (success=310, failed=0)
[batch] 320/711 (success=320, failed=0)
[batch] 330/711 (success=330, failed=0)
[batch] 340/711 (success=340, failed=0)
[batch] 350/711 (success=350, failed=0)
[batch] 360/711 (success=360, failed=0)
[batch] 370/711 (success=370, failed=0)
[batch] 380/711 (success=380, failed=0)
[batch] 390/711 (success=390, failed=0)
[batch] 400/711 (success=400, failed=0)
[batch] 410/711 (success=410, failed=0)
[batch] 420/711 (success=420, failed=0)
[batch] 430/711 (success=430, failed=0)
[batch] 440/711 (success=440, failed=0)
[batch] 450/711 (success=449, failed=1)
[batch] 460/711 (success=459, failed=1)
[batch] 470/711 (success=469, failed=1)
[batch] 480/711 (success=479, failed=1)
[batch] 490/711 (success=489, failed=1)
[batch] 500/711 (success=499, failed=1)
[batch] 510/711 (success=509, failed=1)
[batch] 520/711 (success=519, failed=1)
[batch] 530/711 (success=529, failed=1)
[batch] 540/711 (success=539, failed=1)
[batch] 550/711 (success=549, failed=1)
[batch] 560/711 (success=559, failed=1)
[batch] 570/711 (success=569, failed=1)
[batch] 580/711 (success=579, failed=1)
[batch] 590/711 (success=589, failed=1)
[batch] 600/711 (success=599, failed=1)
[batch] 610/711 (success=609, failed=1)
[batch] 620/711 (success=619, failed=1)
[batch] 630/711 (success=629, failed=1)
[batch] 640/711 (success=639, failed=1)
[batch] 650/711 (success=649, failed=1)
[batch] 660/711 (success=659, failed=1)
[batch] 670/711 (success=669, failed=1)
[batch] 680/711 (success=679, failed=1)
[batch] 690/711 (success=689, failed=1)
[batch] 700/711 (success=699, failed=1)
[batch] 710/711 (success=709, failed=1)
[batch] 711/711 (success=710, failed=1)

========== Summary ==========
Total       : 711
Success     : 710
Failed      : 1
Elapsed     : 827.0s (13.8min)

First 10 errors:
  69449fc3-4cab-4f99-999d-af3e3b54f11f: HTTP 504: {"code":"IDLE_TIMEOUT","message":"Request idle timeout limit (150s) reached"}

1 errors saved to scripts/ai_batch_errors.json
